<?xml version="1.0" encoding="UTF-8"?>
<testng-results ignored="0" total="3" passed="3" failed="0" skipped="0">
  <reporter-output>
  </reporter-output>
  <suite started-at="2018-06-20T00:04:25Z" name="Default suite" finished-at="2018-06-20T00:04:25Z" duration-ms="72">
    <groups>
    </groups>
    <test started-at="2018-06-20T00:04:25Z" name="Default test" finished-at="2018-06-20T00:04:25Z" duration-ms="72">
      <class name="Test.Day1">
        <test-method is-config="true" signature="befores()[pri:0, instance:Test.Day1@3c3d9b6b]" started-at="2018-06-20T00:04:25Z" name="befores" finished-at="2018-06-20T00:04:25Z" duration-ms="15" status="PASS">
          <reporter-output>
          </reporter-output>
        </test-method> <!-- befores -->
        <test-method signature="Demo(java.lang.String)[pri:0, instance:Test.Day1@3c3d9b6b]" started-at="2018-06-20T00:04:25Z" name="Demo" data-provider="test1" finished-at="2018-06-20T00:04:25Z" duration-ms="7" status="PASS">
          <params>
            <param index="0">
              <value>
                <![CDATA[Ankit]]>
              </value>
            </param>
          </params>
          <reporter-output>
          </reporter-output>
        </test-method> <!-- Demo -->
        <test-method signature="Demo(java.lang.String)[pri:0, instance:Test.Day1@3c3d9b6b]" started-at="2018-06-20T00:04:25Z" name="Demo" data-provider="test1" finished-at="2018-06-20T00:04:25Z" duration-ms="6" status="PASS">
          <params>
            <param index="0">
              <value>
                <![CDATA[Ashwin]]>
              </value>
            </param>
          </params>
          <reporter-output>
          </reporter-output>
        </test-method> <!-- Demo -->
        <test-method signature="Demo(java.lang.String)[pri:0, instance:Test.Day1@3c3d9b6b]" started-at="2018-06-20T00:04:25Z" name="Demo" data-provider="test1" finished-at="2018-06-20T00:04:25Z" duration-ms="10" status="PASS">
          <params>
            <param index="0">
              <value>
                <![CDATA[Nikhil]]>
              </value>
            </param>
          </params>
          <reporter-output>
          </reporter-output>
        </test-method> <!-- Demo -->
        <test-method is-config="true" signature="predemo()[pri:0, instance:Test.Day1@3c3d9b6b]" started-at="2018-06-20T00:04:25Z" name="predemo" finished-at="2018-06-20T00:04:25Z" duration-ms="0" status="PASS">
          <reporter-output>
          </reporter-output>
        </test-method> <!-- predemo -->
        <test-method is-config="true" signature="after()[pri:0, instance:Test.Day1@3c3d9b6b]" started-at="2018-06-20T00:04:25Z" name="after" finished-at="2018-06-20T00:04:25Z" duration-ms="1" status="PASS">
          <reporter-output>
          </reporter-output>
        </test-method> <!-- after -->
      </class> <!-- Test.Day1 -->
    </test> <!-- Default test -->
  </suite> <!-- Default suite -->
</testng-results>
